# JRE version: OpenJDK Runtime Environment (8.0_292-b10) (build 1.8.0_292-b10)
# Java VM: OpenJDK 64-Bit Server VM (25.292-b10 mixed mode windows-amd64 compressed oops)
Heap:
 PSYoungGen      total 344576K, used 27602K [0x00000000d5580000, 0x00000000eca80000, 0x0000000100000000)
  eden space 307200K, 8% used [0x00000000d5580000,0x00000000d7074970,0x00000000e8180000)
  from space 37376K, 0% used [0x00000000e8180000,0x00000000e8180000,0x00000000ea600000)
  to   space 31744K, 0% used [0x00000000eab80000,0x00000000eab80000,0x00000000eca80000)
 ParOldGen       total 216576K, used 74856K [0x0000000080000000, 0x000000008d380000, 0x00000000d5580000)
  object space 216576K, 34% used [0x0000000080000000,0x000000008491a340,0x000000008d380000)
 Metaspace       used 108648K, capacity 113557K, committed 113920K, reserved 1148928K
  class space    used 14325K, capacity 15293K, committed 15360K, reserved 1048576K
GC Heap History (10 events):
Event: 27.390 GC heap before
{Heap before GC invocations=20 (full 4):
 PSYoungGen      total 338944K, used 14608K [0x00000000d5580000, 0x00000000eca80000, 0x0000000100000000)
  eden space 307200K, 0% used [0x00000000d5580000,0x00000000d5580000,0x00000000e8180000)
  from space 31744K, 46% used [0x00000000eab80000,0x00000000eb9c4228,0x00000000eca80000)
  to   space 37376K, 0% used [0x00000000e8180000,0x00000000e8180000,0x00000000ea600000)
 ParOldGen       total 129536K, used 86366K [0x0000000080000000, 0x0000000087e80000, 0x00000000d5580000)
  object space 129536K, 66% used [0x0000000080000000,0x0000000085457a58,0x0000000087e80000)
 Metaspace       used 93454K, capacity 98395K, committed 98560K, reserved 1134592K
  class space    used 12941K, capacity 13876K, committed 13952K, reserved 1048576K
Event: 27.682 GC heap after
Heap after GC invocations=20 (full 4):
 PSYoungGen      total 338944K, used 0K [0x00000000d5580000, 0x00000000eca80000, 0x0000000100000000)
  eden space 307200K, 0% used [0x00000000d5580000,0x00000000d5580000,0x00000000e8180000)
  from space 31744K, 0% used [0x00000000eab80000,0x00000000eab80000,0x00000000eca80000)
  to   space 37376K, 0% used [0x00000000e8180000,0x00000000e8180000,0x00000000ea600000)
 ParOldGen       total 216576K, used 78454K [0x0000000080000000, 0x000000008d380000, 0x00000000d5580000)
  object space 216576K, 36% used [0x0000000080000000,0x0000000084c9db28,0x000000008d380000)
 Metaspace       used 93136K, capacity 97589K, committed 98560K, reserved 1134592K
  class space    used 12829K, capacity 13685K, committed 13952K, reserved 1048576K
}
Event: 52.101 GC heap before
{Heap before GC invocations=21 (full 4):
 PSYoungGen      total 338944K, used 307200K [0x00000000d5580000, 0x00000000eca80000, 0x0000000100000000)
  eden space 307200K, 100% used [0x00000000d5580000,0x00000000e8180000,0x00000000e8180000)
  from space 31744K, 0% used [0x00000000eab80000,0x00000000eab80000,0x00000000eca80000)
  to   space 37376K, 0% used [0x00000000e8180000,0x00000000e8180000,0x00000000ea600000)
 ParOldGen       total 216576K, used 78454K [0x0000000080000000, 0x000000008d380000, 0x00000000d5580000)
  object space 216576K, 36% used [0x0000000080000000,0x0000000084c9db28,0x000000008d380000)
 Metaspace       used 101769K, capacity 106433K, committed 107264K, reserved 1142784K
  class space    used 13518K, capacity 14411K, committed 14592K, reserved 1048576K
Event: 52.128 GC heap after
Heap after GC invocations=21 (full 4):
 PSYoungGen      total 344576K, used 19751K [0x00000000d5580000, 0x00000000eca80000, 0x0000000100000000)
  eden space 307200K, 0% used [0x00000000d5580000,0x00000000d5580000,0x00000000e8180000)
  from space 37376K, 52% used [0x00000000e8180000,0x00000000e94c9fe8,0x00000000ea600000)
  to   space 31744K, 0% used [0x00000000eab80000,0x00000000eab80000,0x00000000eca80000)
 ParOldGen       total 216576K, used 78462K [0x0000000080000000, 0x000000008d380000, 0x00000000d5580000)
  object space 216576K, 36% used [0x0000000080000000,0x0000000084c9fb28,0x000000008d380000)
 Metaspace       used 101769K, capacity 106433K, committed 107264K, reserved 1142784K
  class space    used 13518K, capacity 14411K, committed 14592K, reserved 1048576K
}
Event: 57.373 GC heap before
{Heap before GC invocations=22 (full 4):
 PSYoungGen      total 344576K, used 326951K [0x00000000d5580000, 0x00000000eca80000, 0x0000000100000000)
  eden space 307200K, 100% used [0x00000000d5580000,0x00000000e8180000,0x00000000e8180000)
  from space 37376K, 52% used [0x00000000e8180000,0x00000000e94c9fe8,0x00000000ea600000)
  to   space 31744K, 0% used [0x00000000eab80000,0x00000000eab80000,0x00000000eca80000)
 ParOldGen       total 216576K, used 78462K [0x0000000080000000, 0x000000008d380000, 0x00000000d5580000)
  object space 216576K, 36% used [0x0000000080000000,0x0000000084c9fb28,0x000000008d380000)
 Metaspace       used 104278K, capacity 109045K, committed 109568K, reserved 1144832K
  class space    used 13841K, capacity 14787K, committed 14848K, reserved 1048576K
Event: 57.402 GC heap after
Heap after GC invocations=22 (full 4):
 PSYoungGen      total 338944K, used 16959K [0x00000000d5580000, 0x00000000eca80000, 0x0000000100000000)
  eden space 307200K, 0% used [0x00000000d5580000,0x00000000d5580000,0x00000000e8180000)
  from space 31744K, 53% used [0x00000000eab80000,0x00000000ebc0fd18,0x00000000eca80000)
  to   space 37376K, 0% used [0x00000000e8180000,0x00000000e8180000,0x00000000ea600000)
 ParOldGen       total 216576K, used 78470K [0x0000000080000000, 0x000000008d380000, 0x00000000d5580000)
  object space 216576K, 36% used [0x0000000080000000,0x0000000084ca1b28,0x000000008d380000)
 Metaspace       used 104278K, capacity 109045K, committed 109568K, reserved 1144832K
  class space    used 13841K, capacity 14787K, committed 14848K, reserved 1048576K
}
Event: 57.849 GC heap before
{Heap before GC invocations=23 (full 4):
 PSYoungGen      total 338944K, used 46641K [0x00000000d5580000, 0x00000000eca80000, 0x0000000100000000)
  eden space 307200K, 9% used [0x00000000d5580000,0x00000000d727c6e8,0x00000000e8180000)
  from space 31744K, 53% used [0x00000000eab80000,0x00000000ebc0fd18,0x00000000eca80000)
  to   space 37376K, 0% used [0x00000000e8180000,0x00000000e8180000,0x00000000ea600000)
 ParOldGen       total 216576K, used 78470K [0x0000000080000000, 0x000000008d380000, 0x00000000d5580000)
  object space 216576K, 36% used [0x0000000080000000,0x0000000084ca1b28,0x000000008d380000)
 Metaspace       used 106191K, capacity 110971K, committed 111232K, reserved 1148928K
  class space    used 14026K, capacity 14950K, committed 14976K, reserved 1048576K
Event: 57.867 GC heap after
Heap after GC invocations=23 (full 4):
 PSYoungGen      total 344576K, used 17019K [0x00000000d5580000, 0x00000000eca80000, 0x0000000100000000)
  eden space 307200K, 0% used [0x00000000d5580000,0x00000000d5580000,0x00000000e8180000)
  from space 37376K, 45% used [0x00000000e8180000,0x00000000e921ef00,0x00000000ea600000)
  to   space 31744K, 0% used [0x00000000eab80000,0x00000000eab80000,0x00000000eca80000)
 ParOldGen       total 216576K, used 78478K [0x0000000080000000, 0x000000008d380000, 0x00000000d5580000)
  object space 216576K, 36% used [0x0000000080000000,0x0000000084ca3b28,0x000000008d380000)
 Metaspace       used 106191K, capacity 110971K, committed 111232K, reserved 1148928K
  class space    used 14026K, capacity 14950K, committed 14976K, reserved 1048576K
}
Event: 57.867 GC heap before
{Heap before GC invocations=24 (full 5):
 PSYoungGen      total 344576K, used 17019K [0x00000000d5580000, 0x00000000eca80000, 0x0000000100000000)
  eden space 307200K, 0% used [0x00000000d5580000,0x00000000d5580000,0x00000000e8180000)
  from space 37376K, 45% used [0x00000000e8180000,0x00000000e921ef00,0x00000000ea600000)
  to   space 31744K, 0% used [0x00000000eab80000,0x00000000eab80000,0x00000000eca80000)
 ParOldGen       total 216576K, used 78478K [0x0000000080000000, 0x000000008d380000, 0x00000000d5580000)
  object space 216576K, 36% used [0x0000000080000000,0x0000000084ca3b28,0x000000008d380000)
 Metaspace       used 106191K, capacity 110971K, committed 111232K, reserved 1148928K
  class space    used 14026K, capacity 14950K, committed 14976K, reserved 1048576K
Event: 58.249 GC heap after
Heap after GC invocations=24 (full 5):
 PSYoungGen      total 344576K, used 0K [0x00000000d5580000, 0x00000000eca80000, 0x0000000100000000)
  eden space 307200K, 0% used [0x00000000d5580000,0x00000000d5580000,0x00000000e8180000)
  from space 37376K, 0% used [0x00000000e8180000,0x00000000e8180000,0x00000000ea600000)
  to   space 31744K, 0% used [0x00000000eab80000,0x00000000eab80000,0x00000000eca80000)
 ParOldGen       total 216576K, used 74856K [0x0000000080000000, 0x000000008d380000, 0x00000000d5580000)
  object space 216576K, 34% used [0x0000000080000000,0x000000008491a340,0x000000008d380000)
 Metaspace       used 106191K, capacity 110971K, committed 111232K, reserved 1146880K
  class space    used 14026K, capacity 14950K, committed 14976K, reserved 1048576K
}

