# JRE version: OpenJDK Runtime Environment (8.0_292-b10) (build 1.8.0_292-b10)
# Java VM: OpenJDK 64-Bit Server VM (25.292-b10 mixed mode windows-amd64 compressed oops)
Heap:
 PSYoungGen      total 417792K, used 112528K [0x00000000d5580000, 0x00000000f5f80000, 0x0000000100000000)
  eden space 399360K, 28% used [0x00000000d5580000,0x00000000dc364038,0x00000000edb80000)
  from space 18432K, 0% used [0x00000000edb80000,0x00000000edb80000,0x00000000eed80000)
  to   space 24576K, 0% used [0x00000000f4780000,0x00000000f4780000,0x00000000f5f80000)
 ParOldGen       total 132608K, used 39075K [0x0000000080000000, 0x0000000088180000, 0x00000000d5580000)
  object space 132608K, 29% used [0x0000000080000000,0x0000000082628ea0,0x0000000088180000)
 Metaspace       used 65401K, capacity 68129K, committed 68224K, reserved 1107968K
  class space    used 9221K, capacity 9788K, committed 9856K, reserved 1048576K
GC Heap History (10 events):
Event: 7.096 GC heap before
{Heap before GC invocations=8 (full 1):
 PSYoungGen      total 240640K, used 40721K [0x00000000d5580000, 0x00000000e7180000, 0x0000000100000000)
  eden space 228352K, 12% used [0x00000000d5580000,0x00000000d71454e0,0x00000000e3480000)
  from space 12288K, 99% used [0x00000000e6580000,0x00000000e717ef78,0x00000000e7180000)
  to   space 15360K, 0% used [0x00000000e5380000,0x00000000e5380000,0x00000000e6280000)
 ParOldGen       total 61440K, used 14186K [0x0000000080000000, 0x0000000083c00000, 0x00000000d5580000)
  object space 61440K, 23% used [0x0000000080000000,0x0000000080ddab58,0x0000000083c00000)
 Metaspace       used 34303K, capacity 35415K, committed 35496K, reserved 1079296K
  class space    used 4799K, capacity 5039K, committed 5120K, reserved 1048576K
Event: 7.116 GC heap after
Heap after GC invocations=8 (full 1):
 PSYoungGen      total 275456K, used 7483K [0x00000000d5580000, 0x00000000eff80000, 0x0000000100000000)
  eden space 260096K, 0% used [0x00000000d5580000,0x00000000d5580000,0x00000000e5380000)
  from space 15360K, 48% used [0x00000000e5380000,0x00000000e5acefe0,0x00000000e6280000)
  to   space 14848K, 0% used [0x00000000ef100000,0x00000000ef100000,0x00000000eff80000)
 ParOldGen       total 61440K, used 14194K [0x0000000080000000, 0x0000000083c00000, 0x00000000d5580000)
  object space 61440K, 23% used [0x0000000080000000,0x0000000080ddcb58,0x0000000083c00000)
 Metaspace       used 34303K, capacity 35415K, committed 35496K, reserved 1079296K
  class space    used 4799K, capacity 5039K, committed 5120K, reserved 1048576K
}
Event: 7.116 GC heap before
{Heap before GC invocations=9 (full 2):
 PSYoungGen      total 275456K, used 7483K [0x00000000d5580000, 0x00000000eff80000, 0x0000000100000000)
  eden space 260096K, 0% used [0x00000000d5580000,0x00000000d5580000,0x00000000e5380000)
  from space 15360K, 48% used [0x00000000e5380000,0x00000000e5acefe0,0x00000000e6280000)
  to   space 14848K, 0% used [0x00000000ef100000,0x00000000ef100000,0x00000000eff80000)
 ParOldGen       total 61440K, used 14194K [0x0000000080000000, 0x0000000083c00000, 0x00000000d5580000)
  object space 61440K, 23% used [0x0000000080000000,0x0000000080ddcb58,0x0000000083c00000)
 Metaspace       used 34303K, capacity 35415K, committed 35496K, reserved 1079296K
  class space    used 4799K, capacity 5039K, committed 5120K, reserved 1048576K
Event: 7.220 GC heap after
Heap after GC invocations=9 (full 2):
 PSYoungGen      total 275456K, used 0K [0x00000000d5580000, 0x00000000eff80000, 0x0000000100000000)
  eden space 260096K, 0% used [0x00000000d5580000,0x00000000d5580000,0x00000000e5380000)
  from space 15360K, 0% used [0x00000000e5380000,0x00000000e5380000,0x00000000e6280000)
  to   space 14848K, 0% used [0x00000000ef100000,0x00000000ef100000,0x00000000eff80000)
 ParOldGen       total 82944K, used 14301K [0x0000000080000000, 0x0000000085100000, 0x00000000d5580000)
  object space 82944K, 17% used [0x0000000080000000,0x0000000080df7700,0x0000000085100000)
 Metaspace       used 34303K, capacity 35415K, committed 35496K, reserved 1079296K
  class space    used 4799K, capacity 5039K, committed 5120K, reserved 1048576K
}
Event: 9.673 GC heap before
{Heap before GC invocations=10 (full 2):
 PSYoungGen      total 275456K, used 260096K [0x00000000d5580000, 0x00000000eff80000, 0x0000000100000000)
  eden space 260096K, 100% used [0x00000000d5580000,0x00000000e5380000,0x00000000e5380000)
  from space 15360K, 0% used [0x00000000e5380000,0x00000000e5380000,0x00000000e6280000)
  to   space 14848K, 0% used [0x00000000ef100000,0x00000000ef100000,0x00000000eff80000)
 ParOldGen       total 82944K, used 14301K [0x0000000080000000, 0x0000000085100000, 0x00000000d5580000)
  object space 82944K, 17% used [0x0000000080000000,0x0000000080df7700,0x0000000085100000)
 Metaspace       used 47093K, capacity 49057K, committed 49280K, reserved 1091584K
  class space    used 6524K, capacity 6932K, committed 7040K, reserved 1048576K
Event: 9.695 GC heap after
Heap after GC invocations=10 (full 2):
 PSYoungGen      total 397312K, used 14840K [0x00000000d5580000, 0x00000000eff80000, 0x0000000100000000)
  eden space 382464K, 0% used [0x00000000d5580000,0x00000000d5580000,0x00000000ecb00000)
  from space 14848K, 99% used [0x00000000ef100000,0x00000000eff7e2c0,0x00000000eff80000)
  to   space 18432K, 0% used [0x00000000edb80000,0x00000000edb80000,0x00000000eed80000)
 ParOldGen       total 82944K, used 18476K [0x0000000080000000, 0x0000000085100000, 0x00000000d5580000)
  object space 82944K, 22% used [0x0000000080000000,0x000000008120b380,0x0000000085100000)
 Metaspace       used 47093K, capacity 49057K, committed 49280K, reserved 1091584K
  class space    used 6524K, capacity 6932K, committed 7040K, reserved 1048576K
}
Event: 11.691 GC heap before
{Heap before GC invocations=11 (full 2):
 PSYoungGen      total 397312K, used 155399K [0x00000000d5580000, 0x00000000eff80000, 0x0000000100000000)
  eden space 382464K, 36% used [0x00000000d5580000,0x00000000ddec3c20,0x00000000ecb00000)
  from space 14848K, 99% used [0x00000000ef100000,0x00000000eff7e2c0,0x00000000eff80000)
  to   space 18432K, 0% used [0x00000000edb80000,0x00000000edb80000,0x00000000eed80000)
 ParOldGen       total 82944K, used 18476K [0x0000000080000000, 0x0000000085100000, 0x00000000d5580000)
  object space 82944K, 22% used [0x0000000080000000,0x000000008120b380,0x0000000085100000)
 Metaspace       used 56797K, capacity 59023K, committed 59136K, reserved 1099776K
  class space    used 8002K, capacity 8439K, committed 8448K, reserved 1048576K
Event: 11.727 GC heap after
Heap after GC invocations=11 (full 2):
 PSYoungGen      total 417792K, used 18404K [0x00000000d5580000, 0x00000000f5f80000, 0x0000000100000000)
  eden space 399360K, 0% used [0x00000000d5580000,0x00000000d5580000,0x00000000edb80000)
  from space 18432K, 99% used [0x00000000edb80000,0x00000000eed79320,0x00000000eed80000)
  to   space 24576K, 0% used [0x00000000f4780000,0x00000000f4780000,0x00000000f5f80000)
 ParOldGen       total 82944K, used 26331K [0x0000000080000000, 0x0000000085100000, 0x00000000d5580000)
  object space 82944K, 31% used [0x0000000080000000,0x00000000819b6ff0,0x0000000085100000)
 Metaspace       used 56797K, capacity 59023K, committed 59136K, reserved 1099776K
  class space    used 8002K, capacity 8439K, committed 8448K, reserved 1048576K
}
Event: 11.727 GC heap before
{Heap before GC invocations=12 (full 3):
 PSYoungGen      total 417792K, used 18404K [0x00000000d5580000, 0x00000000f5f80000, 0x0000000100000000)
  eden space 399360K, 0% used [0x00000000d5580000,0x00000000d5580000,0x00000000edb80000)
  from space 18432K, 99% used [0x00000000edb80000,0x00000000eed79320,0x00000000eed80000)
  to   space 24576K, 0% used [0x00000000f4780000,0x00000000f4780000,0x00000000f5f80000)
 ParOldGen       total 82944K, used 26331K [0x0000000080000000, 0x0000000085100000, 0x00000000d5580000)
  object space 82944K, 31% used [0x0000000080000000,0x00000000819b6ff0,0x0000000085100000)
 Metaspace       used 56797K, capacity 59023K, committed 59136K, reserved 1099776K
  class space    used 8002K, capacity 8439K, committed 8448K, reserved 1048576K
Event: 11.949 GC heap after
Heap after GC invocations=12 (full 3):
 PSYoungGen      total 417792K, used 0K [0x00000000d5580000, 0x00000000f5f80000, 0x0000000100000000)
  eden space 399360K, 0% used [0x00000000d5580000,0x00000000d5580000,0x00000000edb80000)
  from space 18432K, 0% used [0x00000000edb80000,0x00000000edb80000,0x00000000eed80000)
  to   space 24576K, 0% used [0x00000000f4780000,0x00000000f4780000,0x00000000f5f80000)
 ParOldGen       total 132608K, used 39075K [0x0000000080000000, 0x0000000088180000, 0x00000000d5580000)
  object space 132608K, 29% used [0x0000000080000000,0x0000000082628ea0,0x0000000088180000)
 Metaspace       used 56775K, capacity 58951K, committed 59136K, reserved 1099776K
  class space    used 7995K, capacity 8427K, committed 8448K, reserved 1048576K
}

