# JRE version: OpenJDK Runtime Environment (8.0_292-b10) (build 1.8.0_292-b10)
# Java VM: OpenJDK 64-Bit Server VM (25.292-b10 mixed mode windows-amd64 compressed oops)
Heap:
 PSYoungGen      total 321024K, used 148795K [0x00000000d5580000, 0x00000000edf00000, 0x0000000100000000)
  eden space 279552K, 40% used [0x00000000d5580000,0x00000000dc4af238,0x00000000e6680000)
  from space 41472K, 84% used [0x00000000e6680000,0x00000000e889fa98,0x00000000e8f00000)
  to   space 45568K, 0% used [0x00000000eb280000,0x00000000eb280000,0x00000000edf00000)
 ParOldGen       total 214016K, used 79971K [0x0000000080000000, 0x000000008d100000, 0x00000000d5580000)
  object space 214016K, 37% used [0x0000000080000000,0x0000000084e18f68,0x000000008d100000)
 Metaspace       used 132432K, capacity 138132K, committed 138240K, reserved 1169408K
  class space    used 17319K, capacity 18373K, committed 18432K, reserved 1048576K
GC Heap History (10 events):
Event: 29.460 GC heap before
{Heap before GC invocations=19 (full 3):
 PSYoungGen      total 248320K, used 248302K [0x00000000d5580000, 0x00000000e9300000, 0x0000000100000000)
  eden space 221184K, 100% used [0x00000000d5580000,0x00000000e2d80000,0x00000000e2d80000)
  from space 27136K, 99% used [0x00000000e2d80000,0x00000000e47fbbc0,0x00000000e4800000)
  to   space 33792K, 0% used [0x00000000e7200000,0x00000000e7200000,0x00000000e9300000)
 ParOldGen       total 134656K, used 50640K [0x0000000080000000, 0x0000000088380000, 0x00000000d5580000)
  object space 134656K, 37% used [0x0000000080000000,0x00000000831740e8,0x0000000088380000)
 Metaspace       used 90257K, capacity 93938K, committed 94208K, reserved 1130496K
  class space    used 11993K, capacity 12764K, committed 12800K, reserved 1048576K
Event: 29.517 GC heap after
Heap after GC invocations=19 (full 3):
 PSYoungGen      total 290304K, used 18230K [0x00000000d5580000, 0x00000000e9200000, 0x0000000100000000)
  eden space 257536K, 0% used [0x00000000d5580000,0x00000000d5580000,0x00000000e5100000)
  from space 32768K, 55% used [0x00000000e7200000,0x00000000e83cdba0,0x00000000e9200000)
  to   space 33280K, 0% used [0x00000000e5100000,0x00000000e5100000,0x00000000e7180000)
 ParOldGen       total 134656K, used 71917K [0x0000000080000000, 0x0000000088380000, 0x00000000d5580000)
  object space 134656K, 53% used [0x0000000080000000,0x000000008463b6d0,0x0000000088380000)
 Metaspace       used 90257K, capacity 93938K, committed 94208K, reserved 1130496K
  class space    used 11993K, capacity 12764K, committed 12800K, reserved 1048576K
}
Event: 30.428 GC heap before
{Heap before GC invocations=20 (full 3):
 PSYoungGen      total 290304K, used 80174K [0x00000000d5580000, 0x00000000e9200000, 0x0000000100000000)
  eden space 257536K, 24% used [0x00000000d5580000,0x00000000d91fddf0,0x00000000e5100000)
  from space 32768K, 55% used [0x00000000e7200000,0x00000000e83cdba0,0x00000000e9200000)
  to   space 33280K, 0% used [0x00000000e5100000,0x00000000e5100000,0x00000000e7180000)
 ParOldGen       total 134656K, used 71917K [0x0000000080000000, 0x0000000088380000, 0x00000000d5580000)
  object space 134656K, 53% used [0x0000000080000000,0x000000008463b6d0,0x0000000088380000)
 Metaspace       used 94514K, capacity 98376K, committed 98560K, reserved 1134592K
  class space    used 12498K, capacity 13279K, committed 13312K, reserved 1048576K
Event: 30.448 GC heap after
Heap after GC invocations=20 (full 3):
 PSYoungGen      total 290816K, used 19057K [0x00000000d5580000, 0x00000000eaf80000, 0x0000000100000000)
  eden space 257536K, 0% used [0x00000000d5580000,0x00000000d5580000,0x00000000e5100000)
  from space 33280K, 57% used [0x00000000e5100000,0x00000000e639c580,0x00000000e7180000)
  to   space 33280K, 0% used [0x00000000e8f00000,0x00000000e8f00000,0x00000000eaf80000)
 ParOldGen       total 134656K, used 71925K [0x0000000080000000, 0x0000000088380000, 0x00000000d5580000)
  object space 134656K, 53% used [0x0000000080000000,0x000000008463d6d0,0x0000000088380000)
 Metaspace       used 94514K, capacity 98376K, committed 98560K, reserved 1134592K
  class space    used 12498K, capacity 13279K, committed 13312K, reserved 1048576K
}
Event: 30.448 GC heap before
{Heap before GC invocations=21 (full 4):
 PSYoungGen      total 290816K, used 19057K [0x00000000d5580000, 0x00000000eaf80000, 0x0000000100000000)
  eden space 257536K, 0% used [0x00000000d5580000,0x00000000d5580000,0x00000000e5100000)
  from space 33280K, 57% used [0x00000000e5100000,0x00000000e639c580,0x00000000e7180000)
  to   space 33280K, 0% used [0x00000000e8f00000,0x00000000e8f00000,0x00000000eaf80000)
 ParOldGen       total 134656K, used 71925K [0x0000000080000000, 0x0000000088380000, 0x00000000d5580000)
  object space 134656K, 53% used [0x0000000080000000,0x000000008463d6d0,0x0000000088380000)
 Metaspace       used 94514K, capacity 98376K, committed 98560K, reserved 1134592K
  class space    used 12498K, capacity 13279K, committed 13312K, reserved 1048576K
Event: 30.702 GC heap after
Heap after GC invocations=21 (full 4):
 PSYoungGen      total 290816K, used 0K [0x00000000d5580000, 0x00000000eaf80000, 0x0000000100000000)
  eden space 257536K, 0% used [0x00000000d5580000,0x00000000d5580000,0x00000000e5100000)
  from space 33280K, 0% used [0x00000000e5100000,0x00000000e5100000,0x00000000e7180000)
  to   space 33280K, 0% used [0x00000000e8f00000,0x00000000e8f00000,0x00000000eaf80000)
 ParOldGen       total 214016K, used 70996K [0x0000000080000000, 0x000000008d100000, 0x00000000d5580000)
  object space 214016K, 33% used [0x0000000080000000,0x0000000084555110,0x000000008d100000)
 Metaspace       used 94476K, capacity 98264K, committed 98560K, reserved 1134592K
  class space    used 12486K, capacity 13257K, committed 13312K, reserved 1048576K
}
Event: 37.486 GC heap before
{Heap before GC invocations=22 (full 4):
 PSYoungGen      total 290816K, used 257536K [0x00000000d5580000, 0x00000000eaf80000, 0x0000000100000000)
  eden space 257536K, 100% used [0x00000000d5580000,0x00000000e5100000,0x00000000e5100000)
  from space 33280K, 0% used [0x00000000e5100000,0x00000000e5100000,0x00000000e7180000)
  to   space 33280K, 0% used [0x00000000e8f00000,0x00000000e8f00000,0x00000000eaf80000)
 ParOldGen       total 214016K, used 70996K [0x0000000080000000, 0x000000008d100000, 0x00000000d5580000)
  object space 214016K, 33% used [0x0000000080000000,0x0000000084555110,0x000000008d100000)
 Metaspace       used 122745K, capacity 127010K, committed 127232K, reserved 1159168K
  class space    used 15999K, capacity 16850K, committed 16896K, reserved 1048576K
Event: 37.533 GC heap after
Heap after GC invocations=22 (full 4):
 PSYoungGen      total 312832K, used 33259K [0x00000000d5580000, 0x00000000ebf80000, 0x0000000100000000)
  eden space 279552K, 0% used [0x00000000d5580000,0x00000000d5580000,0x00000000e6680000)
  from space 33280K, 99% used [0x00000000e8f00000,0x00000000eaf7ac58,0x00000000eaf80000)
  to   space 41472K, 0% used [0x00000000e6680000,0x00000000e6680000,0x00000000e8f00000)
 ParOldGen       total 214016K, used 79963K [0x0000000080000000, 0x000000008d100000, 0x00000000d5580000)
  object space 214016K, 37% used [0x0000000080000000,0x0000000084e16f68,0x000000008d100000)
 Metaspace       used 122745K, capacity 127010K, committed 127232K, reserved 1159168K
  class space    used 15999K, capacity 16850K, committed 16896K, reserved 1048576K
}
Event: 42.253 GC heap before
{Heap before GC invocations=23 (full 4):
 PSYoungGen      total 312832K, used 312811K [0x00000000d5580000, 0x00000000ebf80000, 0x0000000100000000)
  eden space 279552K, 100% used [0x00000000d5580000,0x00000000e6680000,0x00000000e6680000)
  from space 33280K, 99% used [0x00000000e8f00000,0x00000000eaf7ac58,0x00000000eaf80000)
  to   space 41472K, 0% used [0x00000000e6680000,0x00000000e6680000,0x00000000e8f00000)
 ParOldGen       total 214016K, used 79963K [0x0000000080000000, 0x000000008d100000, 0x00000000d5580000)
  object space 214016K, 37% used [0x0000000080000000,0x0000000084e16f68,0x000000008d100000)
 Metaspace       used 131741K, capacity 137458K, committed 137600K, reserved 1169408K
  class space    used 17214K, capacity 18292K, committed 18304K, reserved 1048576K
Event: 42.312 GC heap after
Heap after GC invocations=23 (full 4):
 PSYoungGen      total 321024K, used 34942K [0x00000000d5580000, 0x00000000edf00000, 0x0000000100000000)
  eden space 279552K, 0% used [0x00000000d5580000,0x00000000d5580000,0x00000000e6680000)
  from space 41472K, 84% used [0x00000000e6680000,0x00000000e889fa98,0x00000000e8f00000)
  to   space 45568K, 0% used [0x00000000eb280000,0x00000000eb280000,0x00000000edf00000)
 ParOldGen       total 214016K, used 79971K [0x0000000080000000, 0x000000008d100000, 0x00000000d5580000)
  object space 214016K, 37% used [0x0000000080000000,0x0000000084e18f68,0x000000008d100000)
 Metaspace       used 131741K, capacity 137458K, committed 137600K, reserved 1169408K
  class space    used 17214K, capacity 18292K, committed 18304K, reserved 1048576K
}

