# JRE version: OpenJDK Runtime Environment (8.0_292-b10) (build 1.8.0_292-b10)
# Java VM: OpenJDK 64-Bit Server VM (25.292-b10 mixed mode windows-amd64 compressed oops)
Heap:
 PSYoungGen      total 395264K, used 260330K [0x00000000d5580000, 0x00000000f0680000, 0x0000000100000000)
  eden space 355328K, 63% used [0x00000000d5580000,0x00000000e31a5368,0x00000000eb080000)
  from space 39936K, 87% used [0x00000000edc80000,0x00000000efe95870,0x00000000f0380000)
  to   space 44032K, 0% used [0x00000000eb080000,0x00000000eb080000,0x00000000edb80000)
 ParOldGen       total 203264K, used 77560K [0x0000000080000000, 0x000000008c680000, 0x00000000d5580000)
  object space 203264K, 38% used [0x0000000080000000,0x0000000084bbe0f0,0x000000008c680000)
 Metaspace       used 131745K, capacity 137528K, committed 137856K, reserved 1171456K
  class space    used 17362K, capacity 18486K, committed 18560K, reserved 1048576K
GC Heap History (10 events):
Event: 1004.410 GC heap before
{Heap before GC invocations=22 (full 3):
 PSYoungGen      total 287744K, used 48997K [0x00000000d5580000, 0x00000000eb380000, 0x0000000100000000)
  eden space 265728K, 10% used [0x00000000d5580000,0x00000000d7018780,0x00000000e5900000)
  from space 22016K, 98% used [0x00000000e9e00000,0x00000000eb340ee0,0x00000000eb380000)
  to   space 36352K, 0% used [0x00000000e6c80000,0x00000000e6c80000,0x00000000e9000000)
 ParOldGen       total 138240K, used 84739K [0x0000000080000000, 0x0000000088700000, 0x00000000d5580000)
  object space 138240K, 61% used [0x0000000080000000,0x00000000852c0ed8,0x0000000088700000)
 Metaspace       used 93528K, capacity 98436K, committed 98560K, reserved 1134592K
  class space    used 12726K, capacity 13628K, committed 13696K, reserved 1048576K
Event: 1004.437 GC heap after
Heap after GC invocations=22 (full 3):
 PSYoungGen      total 322048K, used 20277K [0x00000000d5580000, 0x00000000eca80000, 0x0000000100000000)
  eden space 285696K, 0% used [0x00000000d5580000,0x00000000d5580000,0x00000000e6c80000)
  from space 36352K, 55% used [0x00000000e6c80000,0x00000000e804d678,0x00000000e9000000)
  to   space 35840K, 0% used [0x00000000ea780000,0x00000000ea780000,0x00000000eca80000)
 ParOldGen       total 138240K, used 84747K [0x0000000080000000, 0x0000000088700000, 0x00000000d5580000)
  object space 138240K, 61% used [0x0000000080000000,0x00000000852c2ed8,0x0000000088700000)
 Metaspace       used 93528K, capacity 98436K, committed 98560K, reserved 1134592K
  class space    used 12726K, capacity 13628K, committed 13696K, reserved 1048576K
}
Event: 1004.437 GC heap before
{Heap before GC invocations=23 (full 4):
 PSYoungGen      total 322048K, used 20277K [0x00000000d5580000, 0x00000000eca80000, 0x0000000100000000)
  eden space 285696K, 0% used [0x00000000d5580000,0x00000000d5580000,0x00000000e6c80000)
  from space 36352K, 55% used [0x00000000e6c80000,0x00000000e804d678,0x00000000e9000000)
  to   space 35840K, 0% used [0x00000000ea780000,0x00000000ea780000,0x00000000eca80000)
 ParOldGen       total 138240K, used 84747K [0x0000000080000000, 0x0000000088700000, 0x00000000d5580000)
  object space 138240K, 61% used [0x0000000080000000,0x00000000852c2ed8,0x0000000088700000)
 Metaspace       used 93528K, capacity 98436K, committed 98560K, reserved 1134592K
  class space    used 12726K, capacity 13628K, committed 13696K, reserved 1048576K
Event: 1004.806 GC heap after
Heap after GC invocations=23 (full 4):
 PSYoungGen      total 322048K, used 0K [0x00000000d5580000, 0x00000000eca80000, 0x0000000100000000)
  eden space 285696K, 0% used [0x00000000d5580000,0x00000000d5580000,0x00000000e6c80000)
  from space 36352K, 0% used [0x00000000e6c80000,0x00000000e6c80000,0x00000000e9000000)
  to   space 35840K, 0% used [0x00000000ea780000,0x00000000ea780000,0x00000000eca80000)
 ParOldGen       total 203264K, used 77099K [0x0000000080000000, 0x000000008c680000, 0x00000000d5580000)
  object space 203264K, 37% used [0x0000000080000000,0x0000000084b4adb8,0x000000008c680000)
 Metaspace       used 93428K, capacity 98144K, committed 98560K, reserved 1134592K
  class space    used 12692K, capacity 13572K, committed 13696K, reserved 1048576K
}
Event: 1687.772 GC heap before
{Heap before GC invocations=24 (full 4):
 PSYoungGen      total 322048K, used 285696K [0x00000000d5580000, 0x00000000eca80000, 0x0000000100000000)
  eden space 285696K, 100% used [0x00000000d5580000,0x00000000e6c80000,0x00000000e6c80000)
  from space 36352K, 0% used [0x00000000e6c80000,0x00000000e6c80000,0x00000000e9000000)
  to   space 35840K, 0% used [0x00000000ea780000,0x00000000ea780000,0x00000000eca80000)
 ParOldGen       total 203264K, used 77099K [0x0000000080000000, 0x000000008c680000, 0x00000000d5580000)
  object space 203264K, 37% used [0x0000000080000000,0x0000000084b4adb8,0x000000008c680000)
 Metaspace       used 94838K, capacity 99876K, committed 100096K, reserved 1136640K
  class space    used 12816K, capacity 13714K, committed 13824K, reserved 1048576K
Event: 1687.799 GC heap after
Heap after GC invocations=24 (full 4):
 PSYoungGen      total 347136K, used 12070K [0x00000000d5580000, 0x00000000edf80000, 0x0000000100000000)
  eden space 311296K, 0% used [0x00000000d5580000,0x00000000d5580000,0x00000000e8580000)
  from space 35840K, 33% used [0x00000000ea780000,0x00000000eb3498a8,0x00000000eca80000)
  to   space 34816K, 0% used [0x00000000e8580000,0x00000000e8580000,0x00000000ea780000)
 ParOldGen       total 203264K, used 77107K [0x0000000080000000, 0x000000008c680000, 0x00000000d5580000)
  object space 203264K, 37% used [0x0000000080000000,0x0000000084b4cdb8,0x000000008c680000)
 Metaspace       used 94838K, capacity 99876K, committed 100096K, reserved 1136640K
  class space    used 12816K, capacity 13714K, committed 13824K, reserved 1048576K
}
Event: 1694.143 GC heap before
{Heap before GC invocations=25 (full 4):
 PSYoungGen      total 347136K, used 323366K [0x00000000d5580000, 0x00000000edf80000, 0x0000000100000000)
  eden space 311296K, 100% used [0x00000000d5580000,0x00000000e8580000,0x00000000e8580000)
  from space 35840K, 33% used [0x00000000ea780000,0x00000000eb3498a8,0x00000000eca80000)
  to   space 34816K, 0% used [0x00000000e8580000,0x00000000e8580000,0x00000000ea780000)
 ParOldGen       total 203264K, used 77107K [0x0000000080000000, 0x000000008c680000, 0x00000000d5580000)
  object space 203264K, 37% used [0x0000000080000000,0x0000000084b4cdb8,0x000000008c680000)
 Metaspace       used 97827K, capacity 102892K, committed 103168K, reserved 1138688K
  class space    used 13097K, capacity 14008K, committed 14080K, reserved 1048576K
Event: 1694.213 GC heap after
Heap after GC invocations=25 (full 4):
 PSYoungGen      total 346112K, used 34792K [0x00000000d5580000, 0x00000000f0380000, 0x0000000100000000)
  eden space 311296K, 0% used [0x00000000d5580000,0x00000000d5580000,0x00000000e8580000)
  from space 34816K, 99% used [0x00000000e8580000,0x00000000ea77a330,0x00000000ea780000)
  to   space 39936K, 0% used [0x00000000edc80000,0x00000000edc80000,0x00000000f0380000)
 ParOldGen       total 203264K, used 77552K [0x0000000080000000, 0x000000008c680000, 0x00000000d5580000)
  object space 203264K, 38% used [0x0000000080000000,0x0000000084bbc0f0,0x000000008c680000)
 Metaspace       used 97827K, capacity 102892K, committed 103168K, reserved 1138688K
  class space    used 13097K, capacity 14008K, committed 14080K, reserved 1048576K
}
Event: 1702.557 GC heap before
{Heap before GC invocations=26 (full 4):
 PSYoungGen      total 346112K, used 346088K [0x00000000d5580000, 0x00000000f0380000, 0x0000000100000000)
  eden space 311296K, 100% used [0x00000000d5580000,0x00000000e8580000,0x00000000e8580000)
  from space 34816K, 99% used [0x00000000e8580000,0x00000000ea77a330,0x00000000ea780000)
  to   space 39936K, 0% used [0x00000000edc80000,0x00000000edc80000,0x00000000f0380000)
 ParOldGen       total 203264K, used 77552K [0x0000000080000000, 0x000000008c680000, 0x00000000d5580000)
  object space 203264K, 38% used [0x0000000080000000,0x0000000084bbc0f0,0x000000008c680000)
 Metaspace       used 105990K, capacity 111260K, committed 111488K, reserved 1146880K
  class space    used 13887K, capacity 14876K, committed 14976K, reserved 1048576K
Event: 1702.601 GC heap after
Heap after GC invocations=26 (full 4):
 PSYoungGen      total 395264K, used 34902K [0x00000000d5580000, 0x00000000f0680000, 0x0000000100000000)
  eden space 355328K, 0% used [0x00000000d5580000,0x00000000d5580000,0x00000000eb080000)
  from space 39936K, 87% used [0x00000000edc80000,0x00000000efe95870,0x00000000f0380000)
  to   space 44032K, 0% used [0x00000000eb080000,0x00000000eb080000,0x00000000edb80000)
 ParOldGen       total 203264K, used 77560K [0x0000000080000000, 0x000000008c680000, 0x00000000d5580000)
  object space 203264K, 38% used [0x0000000080000000,0x0000000084bbe0f0,0x000000008c680000)
 Metaspace       used 105990K, capacity 111260K, committed 111488K, reserved 1146880K
  class space    used 13887K, capacity 14876K, committed 14976K, reserved 1048576K
}

